<?xml version="1.0" encoding="UTF-8"?>
<!-- Generated by org.testng.reporters.JUnitReportReporter -->
<testsuite hostname="Varshith" failures="0" tests="1" name="sprint1.SAL011_4_CreateOpportunityWithoutMandatoryFields" time="17.093" errors="0" timestamp="2024-06-23T12:20:52 IST" skipped="0">
  <testcase classname="sprint1.SAL011_4_CreateOpportunityWithoutMandatoryFields" name="createOpportunityWithoutMandatoryFields" time="17.093"/>
  <system-out/>
</testsuite> <!-- sprint1.SAL011_4_CreateOpportunityWithoutMandatoryFields -->
