<?xml version="1.0" encoding="UTF-8"?>
<!-- Generated by org.testng.reporters.JUnitReportReporter -->
<testsuite hostname="Varshith" failures="0" tests="1" name="sprint2.SAL011_6_CreateAccounts" time="20.365" errors="0" timestamp="2024-06-23T10:42:42 IST" skipped="0">
  <testcase classname="sprint2.SAL011_6_CreateAccounts" name="createAccounts" time="20.365"/>
  <system-out/>
</testsuite> <!-- sprint2.SAL011_6_CreateAccounts -->
