<?xml version="1.0" encoding="UTF-8"?>
<!-- Generated by org.testng.reporters.JUnitReportReporter -->
<testsuite hostname="Varshith" failures="0" tests="1" name="sprint1.SAL011_2_EditOpportunity" time="26.337" errors="0" timestamp="2024-06-23T12:20:52 IST" skipped="0">
  <testcase classname="sprint1.SAL011_2_EditOpportunity" name="editOpportunity" time="26.337"/>
  <system-out/>
</testsuite> <!-- sprint1.SAL011_2_EditOpportunity -->
