<?xml version="1.0" encoding="UTF-8"?>
<!-- Generated by org.testng.reporters.JUnitReportReporter -->
<testsuite hostname="Varshith" failures="0" tests="1" name="sprint1.SAL011_3_DeleteOpportunity" time="18.457" errors="0" timestamp="2024-06-23T12:20:52 IST" skipped="0">
  <testcase classname="sprint1.SAL011_3_DeleteOpportunity" name="deleteOpportunity" time="18.457"/>
  <system-out/>
</testsuite> <!-- sprint1.SAL011_3_DeleteOpportunity -->
